2012/12/19 07:27:23 [trace] [system.CModule] Loading "log" application component
in /home/marin/excelling/application/index.php (13)
2012/12/19 07:27:23 [trace] [system.CModule] Loading "request" application component
in /home/marin/excelling/application/index.php (13)
2012/12/19 07:27:23 [trace] [system.CModule] Loading "urlManager" application component
in /home/marin/excelling/application/index.php (13)
2012/12/19 07:27:23 [trace] [system.web.filters.CFilterChain] Running filter FilesController.filteraccessControl()
in /home/marin/excelling/application/index.php (13)
2012/12/19 07:27:23 [trace] [system.CModule] Loading "user" application component
in /home/marin/excelling/application/index.php (13)
2012/12/19 07:27:23 [trace] [system.CModule] Loading "session" application component
in /home/marin/excelling/application/index.php (13)
2012/12/19 07:27:23 [trace] [system.CModule] Loading "db" application component
in /home/marin/excelling/application/protected/models/Master.php (25)
in /home/marin/excelling/application/protected/controllers/FilesController.php (49)
in /home/marin/excelling/application/index.php (13)
2012/12/19 07:27:23 [trace] [system.db.CDbConnection] Opening DB connection
in /home/marin/excelling/application/protected/models/Master.php (25)
in /home/marin/excelling/application/protected/controllers/FilesController.php (49)
in /home/marin/excelling/application/index.php (13)
2012/12/19 07:27:23 [trace] [system.db.CDbCommand] Querying SQL: SHOW COLUMNS FROM `masterList`
in /home/marin/excelling/application/protected/models/Master.php (25)
in /home/marin/excelling/application/protected/controllers/FilesController.php (49)
in /home/marin/excelling/application/index.php (13)
2012/12/19 07:27:23 [trace] [system.db.CDbCommand] Querying SQL: SHOW CREATE TABLE `masterList`
in /home/marin/excelling/application/protected/models/Master.php (25)
in /home/marin/excelling/application/protected/controllers/FilesController.php (49)
in /home/marin/excelling/application/index.php (13)
2012/12/19 07:27:23 [trace] [system.db.ar.CActiveRecord] Master.findAll()
in /home/marin/excelling/application/protected/controllers/FilesController.php (49)
in /home/marin/excelling/application/index.php (13)
2012/12/19 07:27:23 [trace] [system.db.CDbCommand] Querying SQL: SELECT * FROM `masterList` `t` LIMIT 1
in /home/marin/excelling/application/protected/controllers/FilesController.php (49)
in /home/marin/excelling/application/index.php (13)
2012/12/19 07:27:23 [trace] [system.db.CDbCommand] Querying SQL: SHOW COLUMNS FROM `masterLists`
in /home/marin/excelling/application/protected/models/MasterLists.php (25)
in /home/marin/excelling/application/protected/controllers/FilesController.php (50)
in /home/marin/excelling/application/index.php (13)
2012/12/19 07:27:23 [trace] [system.db.CDbCommand] Querying SQL: SHOW CREATE TABLE `masterLists`
in /home/marin/excelling/application/protected/models/MasterLists.php (25)
in /home/marin/excelling/application/protected/controllers/FilesController.php (50)
in /home/marin/excelling/application/index.php (13)
2012/12/19 07:27:23 [trace] [system.db.ar.CActiveRecord] MasterLists.findAll()
in /home/marin/excelling/application/protected/controllers/FilesController.php (50)
in /home/marin/excelling/application/index.php (13)
2012/12/19 07:27:23 [trace] [system.db.CDbCommand] Querying SQL: SELECT * FROM `masterLists` `t` ORDER BY id desc
in /home/marin/excelling/application/protected/controllers/FilesController.php (50)
in /home/marin/excelling/application/index.php (13)
2012/12/19 07:27:23 [trace] [system.db.ar.CActiveRecord] Master.count()
in /home/marin/excelling/application/protected/controllers/FilesController.php (55)
in /home/marin/excelling/application/index.php (13)
2012/12/19 07:27:23 [trace] [system.db.CDbCommand] Querying SQL: SELECT COUNT(*) FROM `masterList` `t`
in /home/marin/excelling/application/protected/controllers/FilesController.php (55)
in /home/marin/excelling/application/index.php (13)
2012/12/19 07:27:23 [trace] [system.db.ar.CActiveRecord] lazy loading MasterLists.user
in /home/marin/excelling/application/protected/views/files/master.php (67)
in /home/marin/excelling/application/protected/controllers/FilesController.php (56)
in /home/marin/excelling/application/index.php (13)
2012/12/19 07:27:23 [trace] [system.db.CDbCommand] Querying SQL: SHOW COLUMNS FROM `users`
in /home/marin/excelling/application/protected/views/files/master.php (67)
in /home/marin/excelling/application/protected/controllers/FilesController.php (56)
in /home/marin/excelling/application/index.php (13)
2012/12/19 07:27:23 [trace] [system.db.CDbCommand] Querying SQL: SHOW CREATE TABLE `users`
in /home/marin/excelling/application/protected/views/files/master.php (67)
in /home/marin/excelling/application/protected/controllers/FilesController.php (56)
in /home/marin/excelling/application/index.php (13)
2012/12/19 07:27:23 [trace] [system.db.CDbCommand] Querying SQL: SELECT `user`.`id` AS `t1_c0`, `user`.`email` AS `t1_c1`, `user`.`firstName` AS `t1_c2`, `user`.`lastName` AS `t1_c3`, `user`.`password` AS `t1_c4`, `user`.`salt` AS `t1_c5` FROM `users` `user`  WHERE (`user`.`id`=:ypl0)
in /home/marin/excelling/application/protected/views/files/master.php (67)
in /home/marin/excelling/application/protected/controllers/FilesController.php (56)
in /home/marin/excelling/application/index.php (13)
2012/12/19 07:27:23 [trace] [system.CModule] Loading "widgetFactory" application component
in /home/marin/excelling/application/protected/views/layouts/column1.php (2)
in /home/marin/excelling/application/protected/controllers/FilesController.php (56)
in /home/marin/excelling/application/index.php (13)
2012/12/19 07:27:23 [trace] [system.CModule] Loading "clientScript" application component
in /home/marin/excelling/application/protected/controllers/FilesController.php (56)
in /home/marin/excelling/application/index.php (13)
2012/12/19 07:27:23 [trace] [system.CModule] Loading "log" application component
in /home/marin/excelling/application/index.php (13)
2012/12/19 07:27:23 [trace] [system.CModule] Loading "request" application component
in /home/marin/excelling/application/index.php (13)
2012/12/19 07:27:23 [trace] [system.CModule] Loading "urlManager" application component
in /home/marin/excelling/application/index.php (13)
2012/12/19 07:27:23 [trace] [system.web.filters.CFilterChain] Running filter FilesController.filteraccessControl()
in /home/marin/excelling/application/index.php (13)
2012/12/19 07:27:23 [trace] [system.CModule] Loading "user" application component
in /home/marin/excelling/application/index.php (13)
2012/12/19 07:27:23 [trace] [system.CModule] Loading "session" application component
in /home/marin/excelling/application/index.php (13)
2012/12/19 07:27:23 [trace] [system.CModule] Loading "db" application component
in /home/marin/excelling/application/protected/models/RetailLists.php (33)
in /home/marin/excelling/application/protected/controllers/FilesController.php (245)
in /home/marin/excelling/application/index.php (13)
2012/12/19 07:27:23 [trace] [system.db.CDbConnection] Opening DB connection
in /home/marin/excelling/application/protected/models/RetailLists.php (33)
in /home/marin/excelling/application/protected/controllers/FilesController.php (245)
in /home/marin/excelling/application/index.php (13)
2012/12/19 07:27:23 [trace] [system.db.CDbCommand] Querying SQL: SHOW COLUMNS FROM `retailLists`
in /home/marin/excelling/application/protected/models/RetailLists.php (33)
in /home/marin/excelling/application/protected/controllers/FilesController.php (245)
in /home/marin/excelling/application/index.php (13)
2012/12/19 07:27:23 [trace] [system.db.CDbCommand] Querying SQL: SHOW CREATE TABLE `retailLists`
in /home/marin/excelling/application/protected/models/RetailLists.php (33)
in /home/marin/excelling/application/protected/controllers/FilesController.php (245)
in /home/marin/excelling/application/index.php (13)
2012/12/19 07:27:23 [trace] [system.db.ar.CActiveRecord] RetailLists.findAll()
in /home/marin/excelling/application/protected/controllers/FilesController.php (245)
in /home/marin/excelling/application/index.php (13)
2012/12/19 07:27:23 [trace] [system.db.CDbCommand] Querying SQL: SELECT * FROM `retailLists` `t` ORDER BY id desc
in /home/marin/excelling/application/protected/controllers/FilesController.php (245)
in /home/marin/excelling/application/index.php (13)
2012/12/19 07:27:23 [trace] [system.CModule] Loading "widgetFactory" application component
in /home/marin/excelling/application/protected/views/layouts/column1.php (2)
in /home/marin/excelling/application/protected/controllers/FilesController.php (246)
in /home/marin/excelling/application/index.php (13)
2012/12/19 07:27:23 [trace] [system.CModule] Loading "clientScript" application component
in /home/marin/excelling/application/protected/controllers/FilesController.php (246)
in /home/marin/excelling/application/index.php (13)
2012/12/19 07:27:28 [trace] [system.CModule] Loading "log" application component
in /home/marin/excelling/application/index.php (13)
2012/12/19 07:27:28 [trace] [system.CModule] Loading "request" application component
in /home/marin/excelling/application/index.php (13)
2012/12/19 07:27:28 [trace] [system.CModule] Loading "urlManager" application component
in /home/marin/excelling/application/index.php (13)
2012/12/19 07:27:28 [trace] [system.web.filters.CFilterChain] Running filter FilesController.filteraccessControl()
in /home/marin/excelling/application/index.php (13)
2012/12/19 07:27:28 [trace] [system.CModule] Loading "user" application component
in /home/marin/excelling/application/index.php (13)
2012/12/19 07:27:28 [trace] [system.CModule] Loading "session" application component
in /home/marin/excelling/application/index.php (13)
2012/12/19 07:27:28 [trace] [system.CModule] Loading "db" application component
in /home/marin/excelling/application/protected/models/RetailLists.php (33)
in /home/marin/excelling/application/protected/controllers/FilesController.php (245)
in /home/marin/excelling/application/index.php (13)
2012/12/19 07:27:28 [trace] [system.db.CDbConnection] Opening DB connection
in /home/marin/excelling/application/protected/models/RetailLists.php (33)
in /home/marin/excelling/application/protected/controllers/FilesController.php (245)
in /home/marin/excelling/application/index.php (13)
2012/12/19 07:27:28 [trace] [system.db.CDbCommand] Querying SQL: SHOW COLUMNS FROM `retailLists`
in /home/marin/excelling/application/protected/models/RetailLists.php (33)
in /home/marin/excelling/application/protected/controllers/FilesController.php (245)
in /home/marin/excelling/application/index.php (13)
2012/12/19 07:27:28 [trace] [system.db.CDbCommand] Querying SQL: SHOW CREATE TABLE `retailLists`
in /home/marin/excelling/application/protected/models/RetailLists.php (33)
in /home/marin/excelling/application/protected/controllers/FilesController.php (245)
in /home/marin/excelling/application/index.php (13)
2012/12/19 07:27:28 [trace] [system.db.ar.CActiveRecord] RetailLists.findAll()
in /home/marin/excelling/application/protected/controllers/FilesController.php (245)
in /home/marin/excelling/application/index.php (13)
2012/12/19 07:27:28 [trace] [system.db.CDbCommand] Querying SQL: SELECT * FROM `retailLists` `t` ORDER BY id desc
in /home/marin/excelling/application/protected/controllers/FilesController.php (245)
in /home/marin/excelling/application/index.php (13)
2012/12/19 07:27:28 [trace] [system.CModule] Loading "widgetFactory" application component
in /home/marin/excelling/application/protected/views/layouts/column1.php (2)
in /home/marin/excelling/application/protected/controllers/FilesController.php (246)
in /home/marin/excelling/application/index.php (13)
2012/12/19 07:27:28 [trace] [system.CModule] Loading "clientScript" application component
in /home/marin/excelling/application/protected/controllers/FilesController.php (246)
in /home/marin/excelling/application/index.php (13)
2012/12/19 07:27:33 [trace] [system.CModule] Loading "log" application component
in /home/marin/excelling/application/index.php (13)
2012/12/19 07:27:33 [trace] [system.CModule] Loading "request" application component
in /home/marin/excelling/application/index.php (13)
2012/12/19 07:27:33 [trace] [system.CModule] Loading "urlManager" application component
in /home/marin/excelling/application/index.php (13)
2012/12/19 07:27:33 [trace] [system.web.filters.CFilterChain] Running filter ParserController.filteraccessControl()
in /home/marin/excelling/application/index.php (13)
2012/12/19 07:27:33 [trace] [system.CModule] Loading "user" application component
in /home/marin/excelling/application/index.php (13)
2012/12/19 07:27:33 [trace] [system.CModule] Loading "session" application component
in /home/marin/excelling/application/index.php (13)
2012/12/19 07:27:33 [trace] [system.CModule] Loading "db" application component
in /home/marin/excelling/application/protected/models/Users.php (26)
in /home/marin/excelling/application/protected/models/IMGModel.php (154)
in /home/marin/excelling/application/protected/controllers/ParserController.php (25)
2012/12/19 07:27:33 [trace] [system.db.CDbConnection] Opening DB connection
in /home/marin/excelling/application/protected/models/Users.php (26)
in /home/marin/excelling/application/protected/models/IMGModel.php (154)
in /home/marin/excelling/application/protected/controllers/ParserController.php (25)
2012/12/19 07:27:33 [trace] [system.db.CDbCommand] Querying SQL: SHOW COLUMNS FROM `users`
in /home/marin/excelling/application/protected/models/Users.php (26)
in /home/marin/excelling/application/protected/models/IMGModel.php (154)
in /home/marin/excelling/application/protected/controllers/ParserController.php (25)
2012/12/19 07:27:33 [trace] [system.db.CDbCommand] Querying SQL: SHOW CREATE TABLE `users`
in /home/marin/excelling/application/protected/models/Users.php (26)
in /home/marin/excelling/application/protected/models/IMGModel.php (154)
in /home/marin/excelling/application/protected/controllers/ParserController.php (25)
2012/12/19 07:27:33 [trace] [system.db.CDbConnection] Starting transaction
in /home/marin/excelling/application/protected/models/IMGModel.php (154)
in /home/marin/excelling/application/protected/controllers/ParserController.php (25)
in /home/marin/excelling/application/index.php (13)
2012/12/19 07:27:33 [trace] [application] Creating RetailLists from array
in /home/marin/excelling/application/protected/models/IMGModel.php (144)
in /home/marin/excelling/application/protected/controllers/ParserController.php (54)
in /home/marin/excelling/application/index.php (13)
2012/12/19 07:27:33 [trace] [system.db.CDbCommand] Querying SQL: SHOW COLUMNS FROM `retailLists`
in /home/marin/excelling/application/protected/models/IMGModel.php (146)
in /home/marin/excelling/application/protected/controllers/ParserController.php (54)
in /home/marin/excelling/application/index.php (13)
2012/12/19 07:27:33 [trace] [system.db.CDbCommand] Querying SQL: SHOW CREATE TABLE `retailLists`
in /home/marin/excelling/application/protected/models/IMGModel.php (146)
in /home/marin/excelling/application/protected/controllers/ParserController.php (54)
in /home/marin/excelling/application/index.php (13)
2012/12/19 07:27:33 [trace] [system.db.ar.CActiveRecord] RetailLists.insert()
in /home/marin/excelling/application/protected/controllers/ParserController.php (55)
in /home/marin/excelling/application/index.php (13)
2012/12/19 07:27:33 [trace] [system.db.CDbCommand] Executing SQL: INSERT INTO `retailLists` (`status`, `filename`, `dateUploaded`, `userId`, `numRows`) VALUES (:yp0, :yp1, :yp2, :yp3, :yp4)
in /home/marin/excelling/application/protected/controllers/ParserController.php (55)
in /home/marin/excelling/application/index.php (13)
2012/12/19 07:27:33 [trace] [system.db.ar.CActiveRecord] RetailLists.update()
in /home/marin/excelling/application/protected/controllers/ParserController.php (65)
in /home/marin/excelling/application/index.php (13)
2012/12/19 07:27:33 [trace] [system.db.ar.CActiveRecord] RetailLists.updateByPk()
in /home/marin/excelling/application/protected/controllers/ParserController.php (65)
in /home/marin/excelling/application/index.php (13)
2012/12/19 07:27:33 [trace] [system.db.CDbCommand] Executing SQL: UPDATE `retailLists` SET `status`=:yp0, `filename`=:yp1, `dateUploaded`=:yp2, `userId`=:yp3, `numRows`=:yp4, `id`=:yp5 WHERE `retailLists`.`id`=84
in /home/marin/excelling/application/protected/controllers/ParserController.php (65)
in /home/marin/excelling/application/index.php (13)
2012/12/19 07:27:33 [trace] [system.db.ar.CActiveRecord] RetailLists.findByPk()
in /home/marin/excelling/application/protected/models/RetailEntries.php (121)
in /home/marin/excelling/application/protected/controllers/ParserController.php (67)
in /home/marin/excelling/application/index.php (13)
2012/12/19 07:27:33 [trace] [system.db.CDbCommand] Querying SQL: SELECT * FROM `retailLists` `t` WHERE `t`.`id`=84 LIMIT 1
in /home/marin/excelling/application/protected/models/RetailEntries.php (121)
in /home/marin/excelling/application/protected/controllers/ParserController.php (67)
in /home/marin/excelling/application/index.php (13)
2012/12/19 07:27:33 [trace] [application] Creating RetailEntries from array
in /home/marin/excelling/application/protected/models/IMGModel.php (144)
in /home/marin/excelling/application/protected/models/RetailEntries.php (143)
in /home/marin/excelling/application/protected/controllers/ParserController.php (67)
2012/12/19 07:27:33 [trace] [system.db.CDbCommand] Querying SQL: SHOW COLUMNS FROM `retailEntries`
in /home/marin/excelling/application/protected/models/IMGModel.php (146)
in /home/marin/excelling/application/protected/models/RetailEntries.php (143)
in /home/marin/excelling/application/protected/controllers/ParserController.php (67)
2012/12/19 07:27:33 [trace] [system.db.CDbCommand] Querying SQL: SHOW CREATE TABLE `retailEntries`
in /home/marin/excelling/application/protected/models/IMGModel.php (146)
in /home/marin/excelling/application/protected/models/RetailEntries.php (143)
in /home/marin/excelling/application/protected/controllers/ParserController.php (67)
2012/12/19 07:27:33 [trace] [system.db.ar.CActiveRecord] RetailEntries.insert()
in /home/marin/excelling/application/protected/models/RetailEntries.php (145)
in /home/marin/excelling/application/protected/controllers/ParserController.php (67)
in /home/marin/excelling/application/index.php (13)
2012/12/19 07:27:33 [trace] [system.db.CDbCommand] Executing SQL: INSERT INTO `retailEntries` (`customer`, `street`, `city`, `state`, `zip`, `customerType`, `retailListId`) VALUES (:yp0, :yp1, :yp2, :yp3, :yp4, :yp5, :yp6)
in /home/marin/excelling/application/protected/models/RetailEntries.php (145)
in /home/marin/excelling/application/protected/controllers/ParserController.php (67)
in /home/marin/excelling/application/index.php (13)
2012/12/19 07:27:33 [trace] [application] Creating RetailEntries from array
in /home/marin/excelling/application/protected/models/IMGModel.php (144)
in /home/marin/excelling/application/protected/models/RetailEntries.php (143)
in /home/marin/excelling/application/protected/controllers/ParserController.php (67)
2012/12/19 07:27:33 [trace] [system.db.ar.CActiveRecord] RetailEntries.insert()
in /home/marin/excelling/application/protected/models/RetailEntries.php (145)
in /home/marin/excelling/application/protected/controllers/ParserController.php (67)
in /home/marin/excelling/application/index.php (13)
2012/12/19 07:27:33 [trace] [system.db.CDbCommand] Executing SQL: INSERT INTO `retailEntries` (`customer`, `street`, `city`, `state`, `zip`, `customerType`, `retailListId`) VALUES (:yp0, :yp1, :yp2, :yp3, :yp4, :yp5, :yp6)
in /home/marin/excelling/application/protected/models/RetailEntries.php (145)
in /home/marin/excelling/application/protected/controllers/ParserController.php (67)
in /home/marin/excelling/application/index.php (13)
2012/12/19 07:27:33 [trace] [application] Creating RetailEntries from array
in /home/marin/excelling/application/protected/models/IMGModel.php (144)
in /home/marin/excelling/application/protected/models/RetailEntries.php (143)
in /home/marin/excelling/application/protected/controllers/ParserController.php (67)
2012/12/19 07:27:33 [trace] [system.db.ar.CActiveRecord] RetailEntries.insert()
in /home/marin/excelling/application/protected/models/RetailEntries.php (145)
in /home/marin/excelling/application/protected/controllers/ParserController.php (67)
in /home/marin/excelling/application/index.php (13)
2012/12/19 07:27:33 [trace] [system.db.CDbCommand] Executing SQL: INSERT INTO `retailEntries` (`customer`, `street`, `city`, `state`, `zip`, `customerType`, `retailListId`) VALUES (:yp0, :yp1, :yp2, :yp3, :yp4, :yp5, :yp6)
in /home/marin/excelling/application/protected/models/RetailEntries.php (145)
in /home/marin/excelling/application/protected/controllers/ParserController.php (67)
in /home/marin/excelling/application/index.php (13)
2012/12/19 07:27:33 [trace] [application] Creating RetailEntries from array
in /home/marin/excelling/application/protected/models/IMGModel.php (144)
in /home/marin/excelling/application/protected/models/RetailEntries.php (143)
in /home/marin/excelling/application/protected/controllers/ParserController.php (67)
2012/12/19 07:27:33 [trace] [system.db.ar.CActiveRecord] RetailEntries.insert()
in /home/marin/excelling/application/protected/models/RetailEntries.php (145)
in /home/marin/excelling/application/protected/controllers/ParserController.php (67)
in /home/marin/excelling/application/index.php (13)
2012/12/19 07:27:33 [trace] [system.db.CDbCommand] Executing SQL: INSERT INTO `retailEntries` (`customer`, `street`, `city`, `state`, `zip`, `customerType`, `retailListId`) VALUES (:yp0, :yp1, :yp2, :yp3, :yp4, :yp5, :yp6)
in /home/marin/excelling/application/protected/models/RetailEntries.php (145)
in /home/marin/excelling/application/protected/controllers/ParserController.php (67)
in /home/marin/excelling/application/index.php (13)
2012/12/19 07:27:33 [trace] [application] Creating RetailEntries from array
in /home/marin/excelling/application/protected/models/IMGModel.php (144)
in /home/marin/excelling/application/protected/models/RetailEntries.php (143)
in /home/marin/excelling/application/protected/controllers/ParserController.php (67)
2012/12/19 07:27:33 [trace] [system.db.ar.CActiveRecord] RetailEntries.insert()
in /home/marin/excelling/application/protected/models/RetailEntries.php (145)
in /home/marin/excelling/application/protected/controllers/ParserController.php (67)
in /home/marin/excelling/application/index.php (13)
2012/12/19 07:27:33 [trace] [system.db.CDbCommand] Executing SQL: INSERT INTO `retailEntries` (`customer`, `street`, `city`, `state`, `zip`, `customerType`, `retailListId`) VALUES (:yp0, :yp1, :yp2, :yp3, :yp4, :yp5, :yp6)
in /home/marin/excelling/application/protected/models/RetailEntries.php (145)
in /home/marin/excelling/application/protected/controllers/ParserController.php (67)
in /home/marin/excelling/application/index.php (13)
2012/12/19 07:27:33 [trace] [application] Creating RetailEntries from array
in /home/marin/excelling/application/protected/models/IMGModel.php (144)
in /home/marin/excelling/application/protected/models/RetailEntries.php (143)
in /home/marin/excelling/application/protected/controllers/ParserController.php (67)
2012/12/19 07:27:33 [trace] [system.db.ar.CActiveRecord] RetailEntries.insert()
in /home/marin/excelling/application/protected/models/RetailEntries.php (145)
in /home/marin/excelling/application/protected/controllers/ParserController.php (67)
in /home/marin/excelling/application/index.php (13)
2012/12/19 07:27:33 [trace] [system.db.CDbCommand] Executing SQL: INSERT INTO `retailEntries` (`customer`, `street`, `city`, `state`, `zip`, `customerType`, `retailListId`) VALUES (:yp0, :yp1, :yp2, :yp3, :yp4, :yp5, :yp6)
in /home/marin/excelling/application/protected/models/RetailEntries.php (145)
in /home/marin/excelling/application/protected/controllers/ParserController.php (67)
in /home/marin/excelling/application/index.php (13)
2012/12/19 07:27:33 [trace] [application] Creating RetailEntries from array
in /home/marin/excelling/application/protected/models/IMGModel.php (144)
in /home/marin/excelling/application/protected/models/RetailEntries.php (143)
in /home/marin/excelling/application/protected/controllers/ParserController.php (67)
2012/12/19 07:27:33 [trace] [system.db.ar.CActiveRecord] RetailEntries.insert()
in /home/marin/excelling/application/protected/models/RetailEntries.php (145)
in /home/marin/excelling/application/protected/controllers/ParserController.php (67)
in /home/marin/excelling/application/index.php (13)
2012/12/19 07:27:33 [trace] [system.db.CDbCommand] Executing SQL: INSERT INTO `retailEntries` (`customer`, `street`, `city`, `state`, `zip`, `customerType`, `retailListId`) VALUES (:yp0, :yp1, :yp2, :yp3, :yp4, :yp5, :yp6)
in /home/marin/excelling/application/protected/models/RetailEntries.php (145)
in /home/marin/excelling/application/protected/controllers/ParserController.php (67)
in /home/marin/excelling/application/index.php (13)
2012/12/19 07:27:33 [trace] [application] Creating RetailEntries from array
in /home/marin/excelling/application/protected/models/IMGModel.php (144)
in /home/marin/excelling/application/protected/models/RetailEntries.php (143)
in /home/marin/excelling/application/protected/controllers/ParserController.php (67)
2012/12/19 07:27:33 [trace] [system.db.ar.CActiveRecord] RetailEntries.insert()
in /home/marin/excelling/application/protected/models/RetailEntries.php (145)
in /home/marin/excelling/application/protected/controllers/ParserController.php (67)
in /home/marin/excelling/application/index.php (13)
2012/12/19 07:27:33 [trace] [system.db.CDbCommand] Executing SQL: INSERT INTO `retailEntries` (`customer`, `street`, `city`, `state`, `zip`, `customerType`, `retailListId`) VALUES (:yp0, :yp1, :yp2, :yp3, :yp4, :yp5, :yp6)
in /home/marin/excelling/application/protected/models/RetailEntries.php (145)
in /home/marin/excelling/application/protected/controllers/ParserController.php (67)
in /home/marin/excelling/application/index.php (13)
2012/12/19 07:27:33 [trace] [system.db.ar.CActiveRecord] RetailLists.findByPk()
in /home/marin/excelling/application/protected/models/RetailEntries.php (162)
in /home/marin/excelling/application/protected/controllers/ParserController.php (69)
in /home/marin/excelling/application/index.php (13)
2012/12/19 07:27:33 [trace] [system.db.CDbCommand] Querying SQL: SELECT * FROM `retailLists` `t` WHERE `t`.`id`=84 LIMIT 1
in /home/marin/excelling/application/protected/models/RetailEntries.php (162)
in /home/marin/excelling/application/protected/controllers/ParserController.php (69)
in /home/marin/excelling/application/index.php (13)
2012/12/19 07:27:33 [trace] [system.db.CDbCommand] Querying SQL: SHOW COLUMNS FROM `masterList`
in /home/marin/excelling/application/protected/models/Master.php (25)
in /home/marin/excelling/application/protected/models/RetailEntries.php (164)
in /home/marin/excelling/application/protected/controllers/ParserController.php (69)
2012/12/19 07:27:33 [trace] [system.db.CDbCommand] Querying SQL: SHOW CREATE TABLE `masterList`
in /home/marin/excelling/application/protected/models/Master.php (25)
in /home/marin/excelling/application/protected/models/RetailEntries.php (164)
in /home/marin/excelling/application/protected/controllers/ParserController.php (69)
2012/12/19 07:27:33 [trace] [system.db.ar.CActiveRecord] Master.findAll()
in /home/marin/excelling/application/protected/models/RetailEntries.php (164)
in /home/marin/excelling/application/protected/controllers/ParserController.php (69)
in /home/marin/excelling/application/index.php (13)
2012/12/19 07:27:33 [trace] [system.db.CDbCommand] Querying SQL: SELECT * FROM `masterList` `t`
in /home/marin/excelling/application/protected/models/RetailEntries.php (164)
in /home/marin/excelling/application/protected/controllers/ParserController.php (69)
in /home/marin/excelling/application/index.php (13)
2012/12/19 07:27:33 [trace] [system.db.ar.CActiveRecord] lazy loading RetailLists.retailEntries
in /home/marin/excelling/application/protected/models/RetailEntries.php (169)
in /home/marin/excelling/application/protected/controllers/ParserController.php (69)
in /home/marin/excelling/application/index.php (13)
2012/12/19 07:27:33 [trace] [system.db.CDbCommand] Querying SQL: SELECT `retailEntries`.`customer` AS `t1_c0`, `retailEntries`.`street` AS `t1_c1`, `retailEntries`.`city` AS `t1_c2`, `retailEntries`.`state` AS `t1_c3`, `retailEntries`.`zip` AS `t1_c4`, `retailEntries`.`customerType` AS `t1_c5`, `retailEntries`.`code` AS `t1_c6`, `retailEntries`.`id` AS `t1_c7`, `retailEntries`.`retailListId` AS `t1_c8` FROM `retailEntries` `retailEntries`  WHERE (`retailEntries`.`retailListId`=:ypl0)
in /home/marin/excelling/application/protected/models/RetailEntries.php (169)
in /home/marin/excelling/application/protected/controllers/ParserController.php (69)
in /home/marin/excelling/application/index.php (13)
2012/12/19 07:27:33 [trace] [system.db.ar.CActiveRecord] RetailEntries.update()
in /home/marin/excelling/application/protected/models/RetailEntries.php (258)
in /home/marin/excelling/application/protected/models/RetailEntries.php (241)
in /home/marin/excelling/application/protected/models/RetailEntries.php (171)
2012/12/19 07:27:33 [trace] [system.db.ar.CActiveRecord] RetailEntries.updateByPk()
in /home/marin/excelling/application/protected/models/RetailEntries.php (258)
in /home/marin/excelling/application/protected/models/RetailEntries.php (241)
in /home/marin/excelling/application/protected/models/RetailEntries.php (171)
2012/12/19 07:27:33 [trace] [system.db.CDbCommand] Executing SQL: UPDATE `retailEntries` SET `customer`=:yp0, `street`=:yp1, `city`=:yp2, `state`=:yp3, `zip`=:yp4, `customerType`=:yp5, `code`=:yp6, `id`=:yp7, `retailListId`=:yp8 WHERE `retailEntries`.`id`=11532
in /home/marin/excelling/application/protected/models/RetailEntries.php (258)
in /home/marin/excelling/application/protected/models/RetailEntries.php (241)
in /home/marin/excelling/application/protected/models/RetailEntries.php (171)
2012/12/19 07:27:33 [trace] [system.db.ar.CActiveRecord] RetailLists.update()
in /home/marin/excelling/application/protected/models/RetailEntries.php (174)
in /home/marin/excelling/application/protected/controllers/ParserController.php (69)
in /home/marin/excelling/application/index.php (13)
2012/12/19 07:27:33 [trace] [system.db.ar.CActiveRecord] RetailLists.updateByPk()
in /home/marin/excelling/application/protected/models/RetailEntries.php (174)
in /home/marin/excelling/application/protected/controllers/ParserController.php (69)
in /home/marin/excelling/application/index.php (13)
2012/12/19 07:27:33 [trace] [system.db.CDbCommand] Executing SQL: UPDATE `retailLists` SET `id`=:yp0, `filename`=:yp1, `numRows`=:yp2, `dateUploaded`=:yp3, `userId`=:yp4, `status`=:yp5 WHERE `retailLists`.`id`=84
in /home/marin/excelling/application/protected/models/RetailEntries.php (174)
in /home/marin/excelling/application/protected/controllers/ParserController.php (69)
in /home/marin/excelling/application/index.php (13)
2012/12/19 07:27:33 [trace] [system.db.CDbTransaction] Committing transaction
in /home/marin/excelling/application/protected/controllers/ParserController.php (97)
in /home/marin/excelling/application/index.php (13)
2012/12/19 07:27:33 [trace] [system.CModule] Loading "log" application component
in /home/marin/excelling/application/index.php (13)
2012/12/19 07:27:33 [trace] [system.CModule] Loading "request" application component
in /home/marin/excelling/application/index.php (13)
2012/12/19 07:27:33 [trace] [system.CModule] Loading "urlManager" application component
in /home/marin/excelling/application/index.php (13)
2012/12/19 07:27:33 [trace] [system.web.filters.CFilterChain] Running filter FilesController.filteraccessControl()
in /home/marin/excelling/application/index.php (13)
2012/12/19 07:27:33 [trace] [system.CModule] Loading "user" application component
in /home/marin/excelling/application/index.php (13)
2012/12/19 07:27:33 [trace] [system.CModule] Loading "session" application component
in /home/marin/excelling/application/index.php (13)
2012/12/19 07:27:33 [trace] [system.CModule] Loading "db" application component
in /home/marin/excelling/application/protected/models/RetailLists.php (33)
in /home/marin/excelling/application/protected/controllers/FilesController.php (252)
in /home/marin/excelling/application/index.php (13)
2012/12/19 07:27:33 [trace] [system.db.CDbConnection] Opening DB connection
in /home/marin/excelling/application/protected/models/RetailLists.php (33)
in /home/marin/excelling/application/protected/controllers/FilesController.php (252)
in /home/marin/excelling/application/index.php (13)
2012/12/19 07:27:33 [trace] [system.db.CDbCommand] Querying SQL: SHOW COLUMNS FROM `retailLists`
in /home/marin/excelling/application/protected/models/RetailLists.php (33)
in /home/marin/excelling/application/protected/controllers/FilesController.php (252)
in /home/marin/excelling/application/index.php (13)
2012/12/19 07:27:33 [trace] [system.db.CDbCommand] Querying SQL: SHOW CREATE TABLE `retailLists`
in /home/marin/excelling/application/protected/models/RetailLists.php (33)
in /home/marin/excelling/application/protected/controllers/FilesController.php (252)
in /home/marin/excelling/application/index.php (13)
2012/12/19 07:27:33 [trace] [system.db.ar.CActiveRecord] RetailLists.findByPk()
in /home/marin/excelling/application/protected/controllers/FilesController.php (252)
in /home/marin/excelling/application/index.php (13)
2012/12/19 07:27:33 [trace] [system.db.CDbCommand] Querying SQL: SELECT * FROM `retailLists` `t` WHERE `t`.`id`=84 LIMIT 1
in /home/marin/excelling/application/protected/controllers/FilesController.php (252)
in /home/marin/excelling/application/index.php (13)
2012/12/19 07:27:33 [trace] [system.db.ar.CActiveRecord] lazy loading RetailLists.retailEntries
in /home/marin/excelling/application/protected/controllers/FilesController.php (253)
in /home/marin/excelling/application/index.php (13)
2012/12/19 07:27:33 [trace] [system.db.CDbCommand] Querying SQL: SHOW COLUMNS FROM `retailEntries`
in /home/marin/excelling/application/protected/controllers/FilesController.php (253)
in /home/marin/excelling/application/index.php (13)
2012/12/19 07:27:33 [trace] [system.db.CDbCommand] Querying SQL: SHOW CREATE TABLE `retailEntries`
in /home/marin/excelling/application/protected/controllers/FilesController.php (253)
in /home/marin/excelling/application/index.php (13)
2012/12/19 07:27:33 [trace] [system.db.CDbCommand] Querying SQL: SELECT `retailEntries`.`customer` AS `t1_c0`, `retailEntries`.`street` AS `t1_c1`, `retailEntries`.`city` AS `t1_c2`, `retailEntries`.`state` AS `t1_c3`, `retailEntries`.`zip` AS `t1_c4`, `retailEntries`.`customerType` AS `t1_c5`, `retailEntries`.`code` AS `t1_c6`, `retailEntries`.`id` AS `t1_c7`, `retailEntries`.`retailListId` AS `t1_c8` FROM `retailEntries` `retailEntries`  WHERE (`retailEntries`.`retailListId`=:ypl0)
in /home/marin/excelling/application/protected/controllers/FilesController.php (253)
in /home/marin/excelling/application/index.php (13)
2012/12/19 07:27:33 [trace] [system.db.CDbCommand] Querying SQL: SHOW COLUMNS FROM `masterList`
in /home/marin/excelling/application/protected/models/Master.php (25)
in /home/marin/excelling/application/protected/controllers/FilesController.php (254)
in /home/marin/excelling/application/index.php (13)
2012/12/19 07:27:33 [trace] [system.db.CDbCommand] Querying SQL: SHOW CREATE TABLE `masterList`
in /home/marin/excelling/application/protected/models/Master.php (25)
in /home/marin/excelling/application/protected/controllers/FilesController.php (254)
in /home/marin/excelling/application/index.php (13)
2012/12/19 07:27:33 [trace] [system.db.ar.CActiveRecord] Master.findAll()
in /home/marin/excelling/application/protected/controllers/FilesController.php (254)
in /home/marin/excelling/application/index.php (13)
2012/12/19 07:27:33 [trace] [system.db.CDbCommand] Querying SQL: SELECT * FROM `masterList` `t`
in /home/marin/excelling/application/protected/controllers/FilesController.php (254)
in /home/marin/excelling/application/index.php (13)
2012/12/19 07:27:33 [trace] [system.db.ar.CActiveRecord] RetailEntries.update()
in /home/marin/excelling/application/protected/models/RetailEntries.php (258)
in /home/marin/excelling/application/protected/controllers/FilesController.php (291)
in /home/marin/excelling/application/index.php (13)
2012/12/19 07:27:33 [trace] [system.db.ar.CActiveRecord] RetailEntries.updateByPk()
in /home/marin/excelling/application/protected/models/RetailEntries.php (258)
in /home/marin/excelling/application/protected/controllers/FilesController.php (291)
in /home/marin/excelling/application/index.php (13)
2012/12/19 07:27:33 [trace] [system.db.CDbCommand] Executing SQL: UPDATE `retailEntries` SET `customer`=:yp0, `street`=:yp1, `city`=:yp2, `state`=:yp3, `zip`=:yp4, `customerType`=:yp5, `code`=:yp6, `id`=:yp7, `retailListId`=:yp8 WHERE `retailEntries`.`id`=11531
in /home/marin/excelling/application/protected/models/RetailEntries.php (258)
in /home/marin/excelling/application/protected/controllers/FilesController.php (291)
in /home/marin/excelling/application/index.php (13)
2012/12/19 07:27:34 [trace] [system.db.ar.CActiveRecord] Master.findByPk()
in /home/marin/excelling/application/protected/models/IMGModel.php (126)
in /home/marin/excelling/application/protected/models/IMGModel.php (104)
in /home/marin/excelling/application/protected/extensions/ParserHelper.php (268)
2012/12/19 07:27:34 [trace] [system.db.CDbCommand] Querying SQL: SELECT * FROM `masterList` `t` WHERE `t`.`retailerCode`='ALABAM' LIMIT 1
in /home/marin/excelling/application/protected/models/IMGModel.php (126)
in /home/marin/excelling/application/protected/models/IMGModel.php (104)
in /home/marin/excelling/application/protected/extensions/ParserHelper.php (268)
2012/12/19 07:27:53 [trace] [system.CModule] Loading "log" application component
in /home/marin/excelling/application/index.php (13)
2012/12/19 07:27:53 [trace] [system.CModule] Loading "request" application component
in /home/marin/excelling/application/index.php (13)
2012/12/19 07:27:53 [trace] [system.CModule] Loading "urlManager" application component
in /home/marin/excelling/application/index.php (13)
2012/12/19 07:27:53 [trace] [system.web.filters.CFilterChain] Running filter FilesController.filteraccessControl()
in /home/marin/excelling/application/index.php (13)
2012/12/19 07:27:53 [trace] [system.CModule] Loading "user" application component
in /home/marin/excelling/application/index.php (13)
2012/12/19 07:27:53 [trace] [system.CModule] Loading "session" application component
in /home/marin/excelling/application/index.php (13)
2012/12/19 07:27:53 [trace] [system.CModule] Loading "db" application component
in /home/marin/excelling/application/protected/models/RetailEntries.php (29)
in /home/marin/excelling/application/protected/controllers/FilesController.php (350)
in /home/marin/excelling/application/index.php (13)
2012/12/19 07:27:53 [trace] [system.db.CDbConnection] Opening DB connection
in /home/marin/excelling/application/protected/models/RetailEntries.php (29)
in /home/marin/excelling/application/protected/controllers/FilesController.php (350)
in /home/marin/excelling/application/index.php (13)
2012/12/19 07:27:53 [trace] [system.db.CDbCommand] Querying SQL: SHOW COLUMNS FROM `retailEntries`
in /home/marin/excelling/application/protected/models/RetailEntries.php (29)
in /home/marin/excelling/application/protected/controllers/FilesController.php (350)
in /home/marin/excelling/application/index.php (13)
2012/12/19 07:27:53 [trace] [system.db.CDbCommand] Querying SQL: SHOW CREATE TABLE `retailEntries`
in /home/marin/excelling/application/protected/models/RetailEntries.php (29)
in /home/marin/excelling/application/protected/controllers/FilesController.php (350)
in /home/marin/excelling/application/index.php (13)
2012/12/19 07:27:53 [trace] [system.db.ar.CActiveRecord] RetailEntries.findByPk()
in /home/marin/excelling/application/protected/controllers/FilesController.php (350)
in /home/marin/excelling/application/index.php (13)
2012/12/19 07:27:53 [trace] [system.db.CDbCommand] Querying SQL: SELECT * FROM `retailEntries` `t` WHERE `t`.`id`=11533 LIMIT 1
in /home/marin/excelling/application/protected/controllers/FilesController.php (350)
in /home/marin/excelling/application/index.php (13)
2012/12/19 07:27:53 [trace] [system.db.ar.CActiveRecord] RetailEntries.update()
in /home/marin/excelling/application/protected/controllers/FilesController.php (352)
in /home/marin/excelling/application/index.php (13)
2012/12/19 07:27:53 [trace] [system.db.ar.CActiveRecord] RetailEntries.updateByPk()
in /home/marin/excelling/application/protected/controllers/FilesController.php (352)
in /home/marin/excelling/application/index.php (13)
2012/12/19 07:27:53 [trace] [system.db.CDbCommand] Executing SQL: UPDATE `retailEntries` SET `customer`=:yp0, `street`=:yp1, `city`=:yp2, `state`=:yp3, `zip`=:yp4, `customerType`=:yp5, `code`=:yp6, `id`=:yp7, `retailListId`=:yp8 WHERE `retailEntries`.`id`=11533
in /home/marin/excelling/application/protected/controllers/FilesController.php (352)
in /home/marin/excelling/application/index.php (13)
2012/12/19 07:27:53 [trace] [application] Creating UploadListEntries from array
in /home/marin/excelling/application/protected/models/IMGModel.php (144)
in /home/marin/excelling/application/protected/models/RetailEntries.php (280)
in /home/marin/excelling/application/protected/controllers/FilesController.php (353)
2012/12/19 07:27:53 [trace] [system.db.CDbCommand] Querying SQL: SHOW COLUMNS FROM `uploadListEntries`
in /home/marin/excelling/application/protected/models/IMGModel.php (146)
in /home/marin/excelling/application/protected/models/RetailEntries.php (280)
in /home/marin/excelling/application/protected/controllers/FilesController.php (353)
2012/12/19 07:27:53 [trace] [system.db.CDbCommand] Querying SQL: SHOW CREATE TABLE `uploadListEntries`
in /home/marin/excelling/application/protected/models/IMGModel.php (146)
in /home/marin/excelling/application/protected/models/RetailEntries.php (280)
in /home/marin/excelling/application/protected/controllers/FilesController.php (353)
2012/12/19 07:27:53 [trace] [system.db.ar.CActiveRecord] UploadListEntries.insert()
in /home/marin/excelling/application/protected/models/RetailEntries.php (281)
in /home/marin/excelling/application/protected/controllers/FilesController.php (353)
in /home/marin/excelling/application/index.php (13)
2012/12/19 07:27:53 [trace] [system.db.CDbCommand] Executing SQL: INSERT INTO `uploadListEntries` (`retailListId`, `retailCode`, `company`, `retailerType`, `address`, `city`, `state`, `zip`) VALUES (:yp0, :yp1, :yp2, :yp3, :yp4, :yp5, :yp6, :yp7)
in /home/marin/excelling/application/protected/models/RetailEntries.php (281)
in /home/marin/excelling/application/protected/controllers/FilesController.php (353)
in /home/marin/excelling/application/index.php (13)
2012/12/19 07:27:53 [trace] [system.db.CDbCommand] Querying SQL: SHOW COLUMNS FROM `masterList`
in /home/marin/excelling/application/protected/models/Master.php (25)
in /home/marin/excelling/application/protected/models/IMGModel.php (126)
in /home/marin/excelling/application/protected/models/IMGModel.php (104)
2012/12/19 07:27:53 [trace] [system.db.CDbCommand] Querying SQL: SHOW CREATE TABLE `masterList`
in /home/marin/excelling/application/protected/models/Master.php (25)
in /home/marin/excelling/application/protected/models/IMGModel.php (126)
in /home/marin/excelling/application/protected/models/IMGModel.php (104)
2012/12/19 07:27:53 [trace] [system.db.ar.CActiveRecord] Master.findByPk()
in /home/marin/excelling/application/protected/models/IMGModel.php (126)
in /home/marin/excelling/application/protected/models/IMGModel.php (104)
in /home/marin/excelling/application/protected/controllers/FilesController.php (354)
2012/12/19 07:27:53 [trace] [system.db.CDbCommand] Querying SQL: SELECT * FROM `masterList` `t` WHERE `t`.`retailerCode`='AELITE' LIMIT 1
in /home/marin/excelling/application/protected/models/IMGModel.php (126)
in /home/marin/excelling/application/protected/models/IMGModel.php (104)
in /home/marin/excelling/application/protected/controllers/FilesController.php (354)
2012/12/19 07:27:53 [trace] [system.CModule] Loading "log" application component
in /home/marin/excelling/application/index.php (13)
2012/12/19 07:27:53 [trace] [system.CModule] Loading "request" application component
in /home/marin/excelling/application/index.php (13)
2012/12/19 07:27:53 [trace] [system.CModule] Loading "urlManager" application component
in /home/marin/excelling/application/index.php (13)
2012/12/19 07:27:53 [trace] [system.web.filters.CFilterChain] Running filter FilesController.filteraccessControl()
in /home/marin/excelling/application/index.php (13)
2012/12/19 07:27:53 [trace] [system.CModule] Loading "user" application component
in /home/marin/excelling/application/index.php (13)
2012/12/19 07:27:53 [trace] [system.CModule] Loading "session" application component
in /home/marin/excelling/application/index.php (13)
2012/12/19 07:27:53 [trace] [system.CModule] Loading "db" application component
in /home/marin/excelling/application/protected/models/RetailLists.php (33)
in /home/marin/excelling/application/protected/controllers/FilesController.php (252)
in /home/marin/excelling/application/index.php (13)
2012/12/19 07:27:53 [trace] [system.db.CDbConnection] Opening DB connection
in /home/marin/excelling/application/protected/models/RetailLists.php (33)
in /home/marin/excelling/application/protected/controllers/FilesController.php (252)
in /home/marin/excelling/application/index.php (13)
2012/12/19 07:27:53 [trace] [system.db.CDbCommand] Querying SQL: SHOW COLUMNS FROM `retailLists`
in /home/marin/excelling/application/protected/models/RetailLists.php (33)
in /home/marin/excelling/application/protected/controllers/FilesController.php (252)
in /home/marin/excelling/application/index.php (13)
2012/12/19 07:27:53 [trace] [system.db.CDbCommand] Querying SQL: SHOW CREATE TABLE `retailLists`
in /home/marin/excelling/application/protected/models/RetailLists.php (33)
in /home/marin/excelling/application/protected/controllers/FilesController.php (252)
in /home/marin/excelling/application/index.php (13)
2012/12/19 07:27:53 [trace] [system.db.ar.CActiveRecord] RetailLists.findByPk()
in /home/marin/excelling/application/protected/controllers/FilesController.php (252)
in /home/marin/excelling/application/index.php (13)
2012/12/19 07:27:53 [trace] [system.db.CDbCommand] Querying SQL: SELECT * FROM `retailLists` `t` WHERE `t`.`id`=84 LIMIT 1
in /home/marin/excelling/application/protected/controllers/FilesController.php (252)
in /home/marin/excelling/application/index.php (13)
2012/12/19 07:27:53 [trace] [system.db.ar.CActiveRecord] lazy loading RetailLists.retailEntries
in /home/marin/excelling/application/protected/controllers/FilesController.php (253)
in /home/marin/excelling/application/index.php (13)
2012/12/19 07:27:53 [trace] [system.db.CDbCommand] Querying SQL: SHOW COLUMNS FROM `retailEntries`
in /home/marin/excelling/application/protected/controllers/FilesController.php (253)
in /home/marin/excelling/application/index.php (13)
2012/12/19 07:27:53 [trace] [system.db.CDbCommand] Querying SQL: SHOW CREATE TABLE `retailEntries`
in /home/marin/excelling/application/protected/controllers/FilesController.php (253)
in /home/marin/excelling/application/index.php (13)
2012/12/19 07:27:53 [trace] [system.db.CDbCommand] Querying SQL: SELECT `retailEntries`.`customer` AS `t1_c0`, `retailEntries`.`street` AS `t1_c1`, `retailEntries`.`city` AS `t1_c2`, `retailEntries`.`state` AS `t1_c3`, `retailEntries`.`zip` AS `t1_c4`, `retailEntries`.`customerType` AS `t1_c5`, `retailEntries`.`code` AS `t1_c6`, `retailEntries`.`id` AS `t1_c7`, `retailEntries`.`retailListId` AS `t1_c8` FROM `retailEntries` `retailEntries`  WHERE (`retailEntries`.`retailListId`=:ypl0)
in /home/marin/excelling/application/protected/controllers/FilesController.php (253)
in /home/marin/excelling/application/index.php (13)
2012/12/19 07:27:53 [trace] [system.db.CDbCommand] Querying SQL: SHOW COLUMNS FROM `masterList`
in /home/marin/excelling/application/protected/models/Master.php (25)
in /home/marin/excelling/application/protected/controllers/FilesController.php (254)
in /home/marin/excelling/application/index.php (13)
2012/12/19 07:27:53 [trace] [system.db.CDbCommand] Querying SQL: SHOW CREATE TABLE `masterList`
in /home/marin/excelling/application/protected/models/Master.php (25)
in /home/marin/excelling/application/protected/controllers/FilesController.php (254)
in /home/marin/excelling/application/index.php (13)
2012/12/19 07:27:53 [trace] [system.db.ar.CActiveRecord] Master.findAll()
in /home/marin/excelling/application/protected/controllers/FilesController.php (254)
in /home/marin/excelling/application/index.php (13)
2012/12/19 07:27:53 [trace] [system.db.CDbCommand] Querying SQL: SELECT * FROM `masterList` `t`
in /home/marin/excelling/application/protected/controllers/FilesController.php (254)
in /home/marin/excelling/application/index.php (13)
2012/12/19 07:27:53 [trace] [system.db.ar.CActiveRecord] Master.findByPk()
in /home/marin/excelling/application/protected/models/IMGModel.php (126)
in /home/marin/excelling/application/protected/models/IMGModel.php (104)
in /home/marin/excelling/application/protected/extensions/ParserHelper.php (268)
2012/12/19 07:27:53 [trace] [system.db.CDbCommand] Querying SQL: SELECT * FROM `masterList` `t` WHERE `t`.`retailerCode`='ALABAM' LIMIT 1
in /home/marin/excelling/application/protected/models/IMGModel.php (126)
in /home/marin/excelling/application/protected/models/IMGModel.php (104)
in /home/marin/excelling/application/protected/extensions/ParserHelper.php (268)
2012/12/19 07:27:53 [trace] [system.db.ar.CActiveRecord] RetailEntries.update()
in /home/marin/excelling/application/protected/models/RetailEntries.php (265)
in /home/marin/excelling/application/protected/controllers/FilesController.php (311)
in /home/marin/excelling/application/index.php (13)
2012/12/19 07:27:53 [trace] [system.db.ar.CActiveRecord] RetailEntries.updateByPk()
in /home/marin/excelling/application/protected/models/RetailEntries.php (265)
in /home/marin/excelling/application/protected/controllers/FilesController.php (311)
in /home/marin/excelling/application/index.php (13)
2012/12/19 07:27:53 [trace] [system.db.CDbCommand] Executing SQL: UPDATE `retailEntries` SET `customer`=:yp0, `street`=:yp1, `city`=:yp2, `state`=:yp3, `zip`=:yp4, `customerType`=:yp5, `code`=:yp6, `id`=:yp7, `retailListId`=:yp8 WHERE `retailEntries`.`id`=11534
in /home/marin/excelling/application/protected/models/RetailEntries.php (265)
in /home/marin/excelling/application/protected/controllers/FilesController.php (311)
in /home/marin/excelling/application/index.php (13)
2012/12/19 07:27:53 [trace] [application] Creating UploadListEntries from array
in /home/marin/excelling/application/protected/models/IMGModel.php (144)
in /home/marin/excelling/application/protected/models/RetailEntries.php (280)
in /home/marin/excelling/application/protected/controllers/FilesController.php (312)
2012/12/19 07:27:53 [trace] [system.db.CDbCommand] Querying SQL: SHOW COLUMNS FROM `uploadListEntries`
in /home/marin/excelling/application/protected/models/IMGModel.php (146)
in /home/marin/excelling/application/protected/models/RetailEntries.php (280)
in /home/marin/excelling/application/protected/controllers/FilesController.php (312)
2012/12/19 07:27:53 [trace] [system.db.CDbCommand] Querying SQL: SHOW CREATE TABLE `uploadListEntries`
in /home/marin/excelling/application/protected/models/IMGModel.php (146)
in /home/marin/excelling/application/protected/models/RetailEntries.php (280)
in /home/marin/excelling/application/protected/controllers/FilesController.php (312)
2012/12/19 07:27:53 [trace] [system.db.ar.CActiveRecord] UploadListEntries.insert()
in /home/marin/excelling/application/protected/models/RetailEntries.php (281)
in /home/marin/excelling/application/protected/controllers/FilesController.php (312)
in /home/marin/excelling/application/index.php (13)
2012/12/19 07:27:53 [trace] [system.db.CDbCommand] Executing SQL: INSERT INTO `uploadListEntries` (`retailListId`, `retailCode`, `company`, `retailerType`, `address`, `city`, `state`, `zip`) VALUES (:yp0, :yp1, :yp2, :yp3, :yp4, :yp5, :yp6, :yp7)
in /home/marin/excelling/application/protected/models/RetailEntries.php (281)
in /home/marin/excelling/application/protected/controllers/FilesController.php (312)
in /home/marin/excelling/application/index.php (13)
2012/12/19 07:27:53 [trace] [system.db.ar.CActiveRecord] lazy loading RetailEntries.retailList
in /home/marin/excelling/application/protected/models/RetailEntries.php (297)
in /home/marin/excelling/application/protected/controllers/FilesController.php (316)
in /home/marin/excelling/application/index.php (13)
2012/12/19 07:27:53 [trace] [system.db.CDbCommand] Querying SQL: SELECT `retailList`.`id` AS `t1_c0`, `retailList`.`filename` AS `t1_c1`, `retailList`.`numRows` AS `t1_c2`, `retailList`.`dateUploaded` AS `t1_c3`, `retailList`.`userId` AS `t1_c4`, `retailList`.`status` AS `t1_c5` FROM `retailLists` `retailList`  WHERE (`retailList`.`id`=:ypl0)
in /home/marin/excelling/application/protected/models/RetailEntries.php (297)
in /home/marin/excelling/application/protected/controllers/FilesController.php (316)
in /home/marin/excelling/application/index.php (13)
2012/12/19 07:27:53 [trace] [system.db.ar.CActiveRecord] Master.find()
in /home/marin/excelling/application/protected/models/RetailEntries.php (298)
in /home/marin/excelling/application/protected/controllers/FilesController.php (316)
in /home/marin/excelling/application/index.php (13)
2012/12/19 07:27:53 [trace] [system.db.CDbCommand] Querying SQL: SELECT * FROM `masterList` `t` LIMIT 1
in /home/marin/excelling/application/protected/models/RetailEntries.php (298)
in /home/marin/excelling/application/protected/controllers/FilesController.php (316)
in /home/marin/excelling/application/index.php (13)
2012/12/19 07:27:53 [trace] [application] Creating Master from array
in /home/marin/excelling/application/protected/models/IMGModel.php (144)
in /home/marin/excelling/application/protected/models/RetailEntries.php (300)
in /home/marin/excelling/application/protected/controllers/FilesController.php (316)
2012/12/19 07:27:53 [trace] [system.db.ar.CActiveRecord] Master.insert()
in /home/marin/excelling/application/protected/models/RetailEntries.php (301)
in /home/marin/excelling/application/protected/controllers/FilesController.php (316)
in /home/marin/excelling/application/index.php (13)
2012/12/19 07:27:53 [trace] [system.db.CDbCommand] Executing SQL: INSERT INTO `masterList` (`retailerCode`, `retailerName`, `city`, `state`, `zip`, `origin`, `masterListId`) VALUES (:yp0, :yp1, :yp2, :yp3, :yp4, :yp5, :yp6)
in /home/marin/excelling/application/protected/models/RetailEntries.php (301)
in /home/marin/excelling/application/protected/controllers/FilesController.php (316)
in /home/marin/excelling/application/index.php (13)
2012/12/19 07:27:54 [trace] [system.db.ar.CActiveRecord] Master.findByPk()
in /home/marin/excelling/application/protected/models/IMGModel.php (126)
in /home/marin/excelling/application/protected/models/IMGModel.php (104)
in /home/marin/excelling/application/protected/extensions/ParserHelper.php (268)
2012/12/19 07:27:54 [trace] [system.db.CDbCommand] Querying SQL: SELECT * FROM `masterList` `t` WHERE `t`.`retailerCode`='ALABAM' LIMIT 1
in /home/marin/excelling/application/protected/models/IMGModel.php (126)
in /home/marin/excelling/application/protected/models/IMGModel.php (104)
in /home/marin/excelling/application/protected/extensions/ParserHelper.php (268)
2012/12/19 07:27:54 [trace] [system.db.ar.CActiveRecord] Master.findByPk()
in /home/marin/excelling/application/protected/models/IMGModel.php (126)
in /home/marin/excelling/application/protected/models/IMGModel.php (104)
in /home/marin/excelling/application/protected/extensions/ParserHelper.php (274)
2012/12/19 07:27:54 [trace] [system.db.CDbCommand] Querying SQL: SELECT * FROM `masterList` `t` WHERE `t`.`retailerCode`='ALABA' LIMIT 1
in /home/marin/excelling/application/protected/models/IMGModel.php (126)
in /home/marin/excelling/application/protected/models/IMGModel.php (104)
in /home/marin/excelling/application/protected/extensions/ParserHelper.php (274)
2012/12/19 07:27:59 [trace] [system.CModule] Loading "log" application component
in /home/marin/excelling/application/index.php (13)
2012/12/19 07:27:59 [trace] [system.CModule] Loading "request" application component
in /home/marin/excelling/application/index.php (13)
2012/12/19 07:27:59 [trace] [system.CModule] Loading "urlManager" application component
in /home/marin/excelling/application/index.php (13)
2012/12/19 07:27:59 [trace] [system.web.filters.CFilterChain] Running filter FilesController.filteraccessControl()
in /home/marin/excelling/application/index.php (13)
2012/12/19 07:27:59 [trace] [system.CModule] Loading "user" application component
in /home/marin/excelling/application/index.php (13)
2012/12/19 07:27:59 [trace] [system.CModule] Loading "session" application component
in /home/marin/excelling/application/index.php (13)
2012/12/19 07:27:59 [trace] [system.CModule] Loading "db" application component
in /home/marin/excelling/application/protected/models/RetailEntries.php (29)
in /home/marin/excelling/application/protected/controllers/FilesController.php (350)
in /home/marin/excelling/application/index.php (13)
2012/12/19 07:27:59 [trace] [system.db.CDbConnection] Opening DB connection
in /home/marin/excelling/application/protected/models/RetailEntries.php (29)
in /home/marin/excelling/application/protected/controllers/FilesController.php (350)
in /home/marin/excelling/application/index.php (13)
2012/12/19 07:27:59 [trace] [system.db.CDbCommand] Querying SQL: SHOW COLUMNS FROM `retailEntries`
in /home/marin/excelling/application/protected/models/RetailEntries.php (29)
in /home/marin/excelling/application/protected/controllers/FilesController.php (350)
in /home/marin/excelling/application/index.php (13)
2012/12/19 07:27:59 [trace] [system.db.CDbCommand] Querying SQL: SHOW CREATE TABLE `retailEntries`
in /home/marin/excelling/application/protected/models/RetailEntries.php (29)
in /home/marin/excelling/application/protected/controllers/FilesController.php (350)
in /home/marin/excelling/application/index.php (13)
2012/12/19 07:27:59 [trace] [system.db.ar.CActiveRecord] RetailEntries.findByPk()
in /home/marin/excelling/application/protected/controllers/FilesController.php (350)
in /home/marin/excelling/application/index.php (13)
2012/12/19 07:27:59 [trace] [system.db.CDbCommand] Querying SQL: SELECT * FROM `retailEntries` `t` WHERE `t`.`id`=11535 LIMIT 1
in /home/marin/excelling/application/protected/controllers/FilesController.php (350)
in /home/marin/excelling/application/index.php (13)
2012/12/19 07:27:59 [trace] [system.db.ar.CActiveRecord] RetailEntries.update()
in /home/marin/excelling/application/protected/controllers/FilesController.php (352)
in /home/marin/excelling/application/index.php (13)
2012/12/19 07:27:59 [trace] [system.db.ar.CActiveRecord] RetailEntries.updateByPk()
in /home/marin/excelling/application/protected/controllers/FilesController.php (352)
in /home/marin/excelling/application/index.php (13)
2012/12/19 07:27:59 [trace] [system.db.CDbCommand] Executing SQL: UPDATE `retailEntries` SET `customer`=:yp0, `street`=:yp1, `city`=:yp2, `state`=:yp3, `zip`=:yp4, `customerType`=:yp5, `code`=:yp6, `id`=:yp7, `retailListId`=:yp8 WHERE `retailEntries`.`id`=11535
in /home/marin/excelling/application/protected/controllers/FilesController.php (352)
in /home/marin/excelling/application/index.php (13)
2012/12/19 07:27:59 [trace] [application] Creating UploadListEntries from array
in /home/marin/excelling/application/protected/models/IMGModel.php (144)
in /home/marin/excelling/application/protected/models/RetailEntries.php (280)
in /home/marin/excelling/application/protected/controllers/FilesController.php (353)
2012/12/19 07:27:59 [trace] [system.db.CDbCommand] Querying SQL: SHOW COLUMNS FROM `uploadListEntries`
in /home/marin/excelling/application/protected/models/IMGModel.php (146)
in /home/marin/excelling/application/protected/models/RetailEntries.php (280)
in /home/marin/excelling/application/protected/controllers/FilesController.php (353)
2012/12/19 07:27:59 [trace] [system.db.CDbCommand] Querying SQL: SHOW CREATE TABLE `uploadListEntries`
in /home/marin/excelling/application/protected/models/IMGModel.php (146)
in /home/marin/excelling/application/protected/models/RetailEntries.php (280)
in /home/marin/excelling/application/protected/controllers/FilesController.php (353)
2012/12/19 07:27:59 [trace] [system.db.ar.CActiveRecord] UploadListEntries.insert()
in /home/marin/excelling/application/protected/models/RetailEntries.php (281)
in /home/marin/excelling/application/protected/controllers/FilesController.php (353)
in /home/marin/excelling/application/index.php (13)
2012/12/19 07:27:59 [trace] [system.db.CDbCommand] Executing SQL: INSERT INTO `uploadListEntries` (`retailListId`, `retailCode`, `company`, `retailerType`, `address`, `city`, `state`, `zip`) VALUES (:yp0, :yp1, :yp2, :yp3, :yp4, :yp5, :yp6, :yp7)
in /home/marin/excelling/application/protected/models/RetailEntries.php (281)
in /home/marin/excelling/application/protected/controllers/FilesController.php (353)
in /home/marin/excelling/application/index.php (13)
2012/12/19 07:27:59 [trace] [system.db.CDbCommand] Querying SQL: SHOW COLUMNS FROM `masterList`
in /home/marin/excelling/application/protected/models/Master.php (25)
in /home/marin/excelling/application/protected/models/IMGModel.php (126)
in /home/marin/excelling/application/protected/models/IMGModel.php (104)
2012/12/19 07:27:59 [trace] [system.db.CDbCommand] Querying SQL: SHOW CREATE TABLE `masterList`
in /home/marin/excelling/application/protected/models/Master.php (25)
in /home/marin/excelling/application/protected/models/IMGModel.php (126)
in /home/marin/excelling/application/protected/models/IMGModel.php (104)
2012/12/19 07:27:59 [trace] [system.db.ar.CActiveRecord] Master.findByPk()
in /home/marin/excelling/application/protected/models/IMGModel.php (126)
in /home/marin/excelling/application/protected/models/IMGModel.php (104)
in /home/marin/excelling/application/protected/controllers/FilesController.php (354)
2012/12/19 07:27:59 [trace] [system.db.CDbCommand] Querying SQL: SELECT * FROM `masterList` `t` WHERE `t`.`retailerCode`='AELITE' LIMIT 1
in /home/marin/excelling/application/protected/models/IMGModel.php (126)
in /home/marin/excelling/application/protected/models/IMGModel.php (104)
in /home/marin/excelling/application/protected/controllers/FilesController.php (354)
2012/12/19 07:27:59 [trace] [system.CModule] Loading "log" application component
in /home/marin/excelling/application/index.php (13)
2012/12/19 07:27:59 [trace] [system.CModule] Loading "request" application component
in /home/marin/excelling/application/index.php (13)
2012/12/19 07:27:59 [trace] [system.CModule] Loading "urlManager" application component
in /home/marin/excelling/application/index.php (13)
2012/12/19 07:27:59 [trace] [system.web.filters.CFilterChain] Running filter FilesController.filteraccessControl()
in /home/marin/excelling/application/index.php (13)
2012/12/19 07:27:59 [trace] [system.CModule] Loading "user" application component
in /home/marin/excelling/application/index.php (13)
2012/12/19 07:27:59 [trace] [system.CModule] Loading "session" application component
in /home/marin/excelling/application/index.php (13)
2012/12/19 07:27:59 [trace] [system.CModule] Loading "db" application component
in /home/marin/excelling/application/protected/models/RetailLists.php (33)
in /home/marin/excelling/application/protected/controllers/FilesController.php (252)
in /home/marin/excelling/application/index.php (13)
2012/12/19 07:27:59 [trace] [system.db.CDbConnection] Opening DB connection
in /home/marin/excelling/application/protected/models/RetailLists.php (33)
in /home/marin/excelling/application/protected/controllers/FilesController.php (252)
in /home/marin/excelling/application/index.php (13)
2012/12/19 07:27:59 [trace] [system.db.CDbCommand] Querying SQL: SHOW COLUMNS FROM `retailLists`
in /home/marin/excelling/application/protected/models/RetailLists.php (33)
in /home/marin/excelling/application/protected/controllers/FilesController.php (252)
in /home/marin/excelling/application/index.php (13)
2012/12/19 07:27:59 [trace] [system.db.CDbCommand] Querying SQL: SHOW CREATE TABLE `retailLists`
in /home/marin/excelling/application/protected/models/RetailLists.php (33)
in /home/marin/excelling/application/protected/controllers/FilesController.php (252)
in /home/marin/excelling/application/index.php (13)
2012/12/19 07:27:59 [trace] [system.db.ar.CActiveRecord] RetailLists.findByPk()
in /home/marin/excelling/application/protected/controllers/FilesController.php (252)
in /home/marin/excelling/application/index.php (13)
2012/12/19 07:27:59 [trace] [system.db.CDbCommand] Querying SQL: SELECT * FROM `retailLists` `t` WHERE `t`.`id`=84 LIMIT 1
in /home/marin/excelling/application/protected/controllers/FilesController.php (252)
in /home/marin/excelling/application/index.php (13)
2012/12/19 07:27:59 [trace] [system.db.ar.CActiveRecord] lazy loading RetailLists.retailEntries
in /home/marin/excelling/application/protected/controllers/FilesController.php (253)
in /home/marin/excelling/application/index.php (13)
2012/12/19 07:27:59 [trace] [system.db.CDbCommand] Querying SQL: SHOW COLUMNS FROM `retailEntries`
in /home/marin/excelling/application/protected/controllers/FilesController.php (253)
in /home/marin/excelling/application/index.php (13)
2012/12/19 07:27:59 [trace] [system.db.CDbCommand] Querying SQL: SHOW CREATE TABLE `retailEntries`
in /home/marin/excelling/application/protected/controllers/FilesController.php (253)
in /home/marin/excelling/application/index.php (13)
2012/12/19 07:27:59 [trace] [system.db.CDbCommand] Querying SQL: SELECT `retailEntries`.`customer` AS `t1_c0`, `retailEntries`.`street` AS `t1_c1`, `retailEntries`.`city` AS `t1_c2`, `retailEntries`.`state` AS `t1_c3`, `retailEntries`.`zip` AS `t1_c4`, `retailEntries`.`customerType` AS `t1_c5`, `retailEntries`.`code` AS `t1_c6`, `retailEntries`.`id` AS `t1_c7`, `retailEntries`.`retailListId` AS `t1_c8` FROM `retailEntries` `retailEntries`  WHERE (`retailEntries`.`retailListId`=:ypl0)
in /home/marin/excelling/application/protected/controllers/FilesController.php (253)
in /home/marin/excelling/application/index.php (13)
2012/12/19 07:27:59 [trace] [system.db.CDbCommand] Querying SQL: SHOW COLUMNS FROM `masterList`
in /home/marin/excelling/application/protected/models/Master.php (25)
in /home/marin/excelling/application/protected/controllers/FilesController.php (254)
in /home/marin/excelling/application/index.php (13)
2012/12/19 07:27:59 [trace] [system.db.CDbCommand] Querying SQL: SHOW CREATE TABLE `masterList`
in /home/marin/excelling/application/protected/models/Master.php (25)
in /home/marin/excelling/application/protected/controllers/FilesController.php (254)
in /home/marin/excelling/application/index.php (13)
2012/12/19 07:27:59 [trace] [system.db.ar.CActiveRecord] Master.findAll()
in /home/marin/excelling/application/protected/controllers/FilesController.php (254)
in /home/marin/excelling/application/index.php (13)
2012/12/19 07:27:59 [trace] [system.db.CDbCommand] Querying SQL: SELECT * FROM `masterList` `t`
in /home/marin/excelling/application/protected/controllers/FilesController.php (254)
in /home/marin/excelling/application/index.php (13)
2012/12/19 07:27:59 [trace] [system.db.ar.CActiveRecord] RetailEntries.update()
in /home/marin/excelling/application/protected/models/RetailEntries.php (258)
in /home/marin/excelling/application/protected/controllers/FilesController.php (291)
in /home/marin/excelling/application/index.php (13)
2012/12/19 07:27:59 [trace] [system.db.ar.CActiveRecord] RetailEntries.updateByPk()
in /home/marin/excelling/application/protected/models/RetailEntries.php (258)
in /home/marin/excelling/application/protected/controllers/FilesController.php (291)
in /home/marin/excelling/application/index.php (13)
2012/12/19 07:27:59 [trace] [system.db.CDbCommand] Executing SQL: UPDATE `retailEntries` SET `customer`=:yp0, `street`=:yp1, `city`=:yp2, `state`=:yp3, `zip`=:yp4, `customerType`=:yp5, `code`=:yp6, `id`=:yp7, `retailListId`=:yp8 WHERE `retailEntries`.`id`=11536
in /home/marin/excelling/application/protected/models/RetailEntries.php (258)
in /home/marin/excelling/application/protected/controllers/FilesController.php (291)
in /home/marin/excelling/application/index.php (13)
2012/12/19 07:28:00 [trace] [system.db.ar.CActiveRecord] Master.findByPk()
in /home/marin/excelling/application/protected/models/IMGModel.php (126)
in /home/marin/excelling/application/protected/models/IMGModel.php (104)
in /home/marin/excelling/application/protected/extensions/ParserHelper.php (268)
2012/12/19 07:28:00 [trace] [system.db.CDbCommand] Querying SQL: SELECT * FROM `masterList` `t` WHERE `t`.`retailerCode`='ALABAM' LIMIT 1
in /home/marin/excelling/application/protected/models/IMGModel.php (126)
in /home/marin/excelling/application/protected/models/IMGModel.php (104)
in /home/marin/excelling/application/protected/extensions/ParserHelper.php (268)
2012/12/19 07:28:00 [trace] [system.db.ar.CActiveRecord] Master.findByPk()
in /home/marin/excelling/application/protected/models/IMGModel.php (126)
in /home/marin/excelling/application/protected/models/IMGModel.php (104)
in /home/marin/excelling/application/protected/extensions/ParserHelper.php (274)
2012/12/19 07:28:00 [trace] [system.db.CDbCommand] Querying SQL: SELECT * FROM `masterList` `t` WHERE `t`.`retailerCode`='ALABA' LIMIT 1
in /home/marin/excelling/application/protected/models/IMGModel.php (126)
in /home/marin/excelling/application/protected/models/IMGModel.php (104)
in /home/marin/excelling/application/protected/extensions/ParserHelper.php (274)
2012/12/19 07:28:00 [trace] [system.db.ar.CActiveRecord] RetailEntries.update()
in /home/marin/excelling/application/protected/models/RetailEntries.php (265)
in /home/marin/excelling/application/protected/controllers/FilesController.php (311)
in /home/marin/excelling/application/index.php (13)
2012/12/19 07:28:00 [trace] [system.db.ar.CActiveRecord] RetailEntries.updateByPk()
in /home/marin/excelling/application/protected/models/RetailEntries.php (265)
in /home/marin/excelling/application/protected/controllers/FilesController.php (311)
in /home/marin/excelling/application/index.php (13)
2012/12/19 07:28:00 [trace] [system.db.CDbCommand] Executing SQL: UPDATE `retailEntries` SET `customer`=:yp0, `street`=:yp1, `city`=:yp2, `state`=:yp3, `zip`=:yp4, `customerType`=:yp5, `code`=:yp6, `id`=:yp7, `retailListId`=:yp8 WHERE `retailEntries`.`id`=11537
in /home/marin/excelling/application/protected/models/RetailEntries.php (265)
in /home/marin/excelling/application/protected/controllers/FilesController.php (311)
in /home/marin/excelling/application/index.php (13)
2012/12/19 07:28:00 [trace] [application] Creating UploadListEntries from array
in /home/marin/excelling/application/protected/models/IMGModel.php (144)
in /home/marin/excelling/application/protected/models/RetailEntries.php (280)
in /home/marin/excelling/application/protected/controllers/FilesController.php (312)
2012/12/19 07:28:00 [trace] [system.db.CDbCommand] Querying SQL: SHOW COLUMNS FROM `uploadListEntries`
in /home/marin/excelling/application/protected/models/IMGModel.php (146)
in /home/marin/excelling/application/protected/models/RetailEntries.php (280)
in /home/marin/excelling/application/protected/controllers/FilesController.php (312)
2012/12/19 07:28:00 [trace] [system.db.CDbCommand] Querying SQL: SHOW CREATE TABLE `uploadListEntries`
in /home/marin/excelling/application/protected/models/IMGModel.php (146)
in /home/marin/excelling/application/protected/models/RetailEntries.php (280)
in /home/marin/excelling/application/protected/controllers/FilesController.php (312)
2012/12/19 07:28:00 [trace] [system.db.ar.CActiveRecord] UploadListEntries.insert()
in /home/marin/excelling/application/protected/models/RetailEntries.php (281)
in /home/marin/excelling/application/protected/controllers/FilesController.php (312)
in /home/marin/excelling/application/index.php (13)
2012/12/19 07:28:00 [trace] [system.db.CDbCommand] Executing SQL: INSERT INTO `uploadListEntries` (`retailListId`, `retailCode`, `company`, `retailerType`, `address`, `city`, `state`, `zip`) VALUES (:yp0, :yp1, :yp2, :yp3, :yp4, :yp5, :yp6, :yp7)
in /home/marin/excelling/application/protected/models/RetailEntries.php (281)
in /home/marin/excelling/application/protected/controllers/FilesController.php (312)
in /home/marin/excelling/application/index.php (13)
2012/12/19 07:28:00 [trace] [system.db.ar.CActiveRecord] lazy loading RetailEntries.retailList
in /home/marin/excelling/application/protected/models/RetailEntries.php (297)
in /home/marin/excelling/application/protected/controllers/FilesController.php (316)
in /home/marin/excelling/application/index.php (13)
2012/12/19 07:28:00 [trace] [system.db.CDbCommand] Querying SQL: SELECT `retailList`.`id` AS `t1_c0`, `retailList`.`filename` AS `t1_c1`, `retailList`.`numRows` AS `t1_c2`, `retailList`.`dateUploaded` AS `t1_c3`, `retailList`.`userId` AS `t1_c4`, `retailList`.`status` AS `t1_c5` FROM `retailLists` `retailList`  WHERE (`retailList`.`id`=:ypl0)
in /home/marin/excelling/application/protected/models/RetailEntries.php (297)
in /home/marin/excelling/application/protected/controllers/FilesController.php (316)
in /home/marin/excelling/application/index.php (13)
2012/12/19 07:28:00 [trace] [system.db.ar.CActiveRecord] Master.find()
in /home/marin/excelling/application/protected/models/RetailEntries.php (298)
in /home/marin/excelling/application/protected/controllers/FilesController.php (316)
in /home/marin/excelling/application/index.php (13)
2012/12/19 07:28:00 [trace] [system.db.CDbCommand] Querying SQL: SELECT * FROM `masterList` `t` LIMIT 1
in /home/marin/excelling/application/protected/models/RetailEntries.php (298)
in /home/marin/excelling/application/protected/controllers/FilesController.php (316)
in /home/marin/excelling/application/index.php (13)
2012/12/19 07:28:00 [trace] [application] Creating Master from array
in /home/marin/excelling/application/protected/models/IMGModel.php (144)
in /home/marin/excelling/application/protected/models/RetailEntries.php (300)
in /home/marin/excelling/application/protected/controllers/FilesController.php (316)
2012/12/19 07:28:00 [trace] [system.db.ar.CActiveRecord] Master.insert()
in /home/marin/excelling/application/protected/models/RetailEntries.php (301)
in /home/marin/excelling/application/protected/controllers/FilesController.php (316)
in /home/marin/excelling/application/index.php (13)
2012/12/19 07:28:00 [trace] [system.db.CDbCommand] Executing SQL: INSERT INTO `masterList` (`retailerCode`, `retailerName`, `city`, `state`, `zip`, `origin`, `masterListId`) VALUES (:yp0, :yp1, :yp2, :yp3, :yp4, :yp5, :yp6)
in /home/marin/excelling/application/protected/models/RetailEntries.php (301)
in /home/marin/excelling/application/protected/controllers/FilesController.php (316)
in /home/marin/excelling/application/index.php (13)
2012/12/19 07:28:00 [trace] [system.db.ar.CActiveRecord] Master.findByPk()
in /home/marin/excelling/application/protected/models/IMGModel.php (126)
in /home/marin/excelling/application/protected/models/IMGModel.php (104)
in /home/marin/excelling/application/protected/extensions/ParserHelper.php (268)
2012/12/19 07:28:00 [trace] [system.db.CDbCommand] Querying SQL: SELECT * FROM `masterList` `t` WHERE `t`.`retailerCode`='ALABAM' LIMIT 1
in /home/marin/excelling/application/protected/models/IMGModel.php (126)
in /home/marin/excelling/application/protected/models/IMGModel.php (104)
in /home/marin/excelling/application/protected/extensions/ParserHelper.php (268)
2012/12/19 07:28:00 [trace] [system.db.ar.CActiveRecord] Master.findByPk()
in /home/marin/excelling/application/protected/models/IMGModel.php (126)
in /home/marin/excelling/application/protected/models/IMGModel.php (104)
in /home/marin/excelling/application/protected/extensions/ParserHelper.php (274)
2012/12/19 07:28:00 [trace] [system.db.CDbCommand] Querying SQL: SELECT * FROM `masterList` `t` WHERE `t`.`retailerCode`='ALABA' LIMIT 1
in /home/marin/excelling/application/protected/models/IMGModel.php (126)
in /home/marin/excelling/application/protected/models/IMGModel.php (104)
in /home/marin/excelling/application/protected/extensions/ParserHelper.php (274)
2012/12/19 07:28:00 [trace] [system.db.ar.CActiveRecord] Master.findByPk()
in /home/marin/excelling/application/protected/models/IMGModel.php (126)
in /home/marin/excelling/application/protected/models/IMGModel.php (104)
in /home/marin/excelling/application/protected/extensions/ParserHelper.php (277)
2012/12/19 07:28:00 [trace] [system.db.CDbCommand] Querying SQL: SELECT * FROM `masterList` `t` WHERE `t`.`retailerCode`='ALAB' LIMIT 1
in /home/marin/excelling/application/protected/models/IMGModel.php (126)
in /home/marin/excelling/application/protected/models/IMGModel.php (104)
in /home/marin/excelling/application/protected/extensions/ParserHelper.php (277)
2012/12/19 07:28:00 [trace] [system.db.ar.CActiveRecord] RetailEntries.update()
in /home/marin/excelling/application/protected/models/RetailEntries.php (265)
in /home/marin/excelling/application/protected/controllers/FilesController.php (311)
in /home/marin/excelling/application/index.php (13)
2012/12/19 07:28:00 [trace] [system.db.ar.CActiveRecord] RetailEntries.updateByPk()
in /home/marin/excelling/application/protected/models/RetailEntries.php (265)
in /home/marin/excelling/application/protected/controllers/FilesController.php (311)
in /home/marin/excelling/application/index.php (13)
2012/12/19 07:28:00 [trace] [system.db.CDbCommand] Executing SQL: UPDATE `retailEntries` SET `customer`=:yp0, `street`=:yp1, `city`=:yp2, `state`=:yp3, `zip`=:yp4, `customerType`=:yp5, `code`=:yp6, `id`=:yp7, `retailListId`=:yp8 WHERE `retailEntries`.`id`=11538
in /home/marin/excelling/application/protected/models/RetailEntries.php (265)
in /home/marin/excelling/application/protected/controllers/FilesController.php (311)
in /home/marin/excelling/application/index.php (13)
2012/12/19 07:28:00 [trace] [application] Creating UploadListEntries from array
in /home/marin/excelling/application/protected/models/IMGModel.php (144)
in /home/marin/excelling/application/protected/models/RetailEntries.php (280)
in /home/marin/excelling/application/protected/controllers/FilesController.php (312)
2012/12/19 07:28:00 [trace] [system.db.ar.CActiveRecord] UploadListEntries.insert()
in /home/marin/excelling/application/protected/models/RetailEntries.php (281)
in /home/marin/excelling/application/protected/controllers/FilesController.php (312)
in /home/marin/excelling/application/index.php (13)
2012/12/19 07:28:00 [trace] [system.db.CDbCommand] Executing SQL: INSERT INTO `uploadListEntries` (`retailListId`, `retailCode`, `company`, `retailerType`, `address`, `city`, `state`, `zip`) VALUES (:yp0, :yp1, :yp2, :yp3, :yp4, :yp5, :yp6, :yp7)
in /home/marin/excelling/application/protected/models/RetailEntries.php (281)
in /home/marin/excelling/application/protected/controllers/FilesController.php (312)
in /home/marin/excelling/application/index.php (13)
2012/12/19 07:28:00 [trace] [system.db.ar.CActiveRecord] lazy loading RetailEntries.retailList
in /home/marin/excelling/application/protected/models/RetailEntries.php (297)
in /home/marin/excelling/application/protected/controllers/FilesController.php (316)
in /home/marin/excelling/application/index.php (13)
2012/12/19 07:28:00 [trace] [system.db.CDbCommand] Querying SQL: SELECT `retailList`.`id` AS `t1_c0`, `retailList`.`filename` AS `t1_c1`, `retailList`.`numRows` AS `t1_c2`, `retailList`.`dateUploaded` AS `t1_c3`, `retailList`.`userId` AS `t1_c4`, `retailList`.`status` AS `t1_c5` FROM `retailLists` `retailList`  WHERE (`retailList`.`id`=:ypl0)
in /home/marin/excelling/application/protected/models/RetailEntries.php (297)
in /home/marin/excelling/application/protected/controllers/FilesController.php (316)
in /home/marin/excelling/application/index.php (13)
2012/12/19 07:28:00 [trace] [system.db.ar.CActiveRecord] Master.find()
in /home/marin/excelling/application/protected/models/RetailEntries.php (298)
in /home/marin/excelling/application/protected/controllers/FilesController.php (316)
in /home/marin/excelling/application/index.php (13)
2012/12/19 07:28:00 [trace] [system.db.CDbCommand] Querying SQL: SELECT * FROM `masterList` `t` LIMIT 1
in /home/marin/excelling/application/protected/models/RetailEntries.php (298)
in /home/marin/excelling/application/protected/controllers/FilesController.php (316)
in /home/marin/excelling/application/index.php (13)
2012/12/19 07:28:00 [trace] [application] Creating Master from array
in /home/marin/excelling/application/protected/models/IMGModel.php (144)
in /home/marin/excelling/application/protected/models/RetailEntries.php (300)
in /home/marin/excelling/application/protected/controllers/FilesController.php (316)
2012/12/19 07:28:00 [trace] [system.db.ar.CActiveRecord] Master.insert()
in /home/marin/excelling/application/protected/models/RetailEntries.php (301)
in /home/marin/excelling/application/protected/controllers/FilesController.php (316)
in /home/marin/excelling/application/index.php (13)
2012/12/19 07:28:00 [trace] [system.db.CDbCommand] Executing SQL: INSERT INTO `masterList` (`retailerCode`, `retailerName`, `city`, `state`, `zip`, `origin`, `masterListId`) VALUES (:yp0, :yp1, :yp2, :yp3, :yp4, :yp5, :yp6)
in /home/marin/excelling/application/protected/models/RetailEntries.php (301)
in /home/marin/excelling/application/protected/controllers/FilesController.php (316)
in /home/marin/excelling/application/index.php (13)
2012/12/19 07:28:00 [trace] [system.db.ar.CActiveRecord] RetailLists.update()
in /home/marin/excelling/application/protected/controllers/FilesController.php (339)
in /home/marin/excelling/application/index.php (13)
2012/12/19 07:28:00 [trace] [system.db.ar.CActiveRecord] RetailLists.updateByPk()
in /home/marin/excelling/application/protected/controllers/FilesController.php (339)
in /home/marin/excelling/application/index.php (13)
2012/12/19 07:28:00 [trace] [system.db.CDbCommand] Executing SQL: UPDATE `retailLists` SET `id`=:yp0, `filename`=:yp1, `numRows`=:yp2, `dateUploaded`=:yp3, `userId`=:yp4, `status`=:yp5 WHERE `retailLists`.`id`=84
in /home/marin/excelling/application/protected/controllers/FilesController.php (339)
in /home/marin/excelling/application/index.php (13)
2012/12/19 07:29:45 [trace] [system.CModule] Loading "log" application component
in /home/marin/excelling/application/index.php (13)
2012/12/19 07:29:45 [trace] [system.CModule] Loading "request" application component
in /home/marin/excelling/application/index.php (13)
2012/12/19 07:29:45 [trace] [system.CModule] Loading "urlManager" application component
in /home/marin/excelling/application/index.php (13)
2012/12/19 07:29:45 [trace] [system.web.filters.CFilterChain] Running filter FilesController.filteraccessControl()
in /home/marin/excelling/application/index.php (13)
2012/12/19 07:29:45 [trace] [system.CModule] Loading "user" application component
in /home/marin/excelling/application/index.php (13)
2012/12/19 07:29:45 [trace] [system.CModule] Loading "session" application component
in /home/marin/excelling/application/index.php (13)
2012/12/19 07:29:45 [trace] [system.CModule] Loading "db" application component
in /home/marin/excelling/application/protected/models/RetailLists.php (33)
in /home/marin/excelling/application/protected/controllers/FilesController.php (245)
in /home/marin/excelling/application/index.php (13)
2012/12/19 07:29:45 [trace] [system.db.CDbConnection] Opening DB connection
in /home/marin/excelling/application/protected/models/RetailLists.php (33)
in /home/marin/excelling/application/protected/controllers/FilesController.php (245)
in /home/marin/excelling/application/index.php (13)
2012/12/19 07:29:45 [trace] [system.db.CDbCommand] Querying SQL: SHOW COLUMNS FROM `retailLists`
in /home/marin/excelling/application/protected/models/RetailLists.php (33)
in /home/marin/excelling/application/protected/controllers/FilesController.php (245)
in /home/marin/excelling/application/index.php (13)
2012/12/19 07:29:45 [trace] [system.db.CDbCommand] Querying SQL: SHOW CREATE TABLE `retailLists`
in /home/marin/excelling/application/protected/models/RetailLists.php (33)
in /home/marin/excelling/application/protected/controllers/FilesController.php (245)
in /home/marin/excelling/application/index.php (13)
2012/12/19 07:29:45 [trace] [system.db.ar.CActiveRecord] RetailLists.findAll()
in /home/marin/excelling/application/protected/controllers/FilesController.php (245)
in /home/marin/excelling/application/index.php (13)
2012/12/19 07:29:45 [trace] [system.db.CDbCommand] Querying SQL: SELECT * FROM `retailLists` `t` ORDER BY id desc
in /home/marin/excelling/application/protected/controllers/FilesController.php (245)
in /home/marin/excelling/application/index.php (13)
2012/12/19 07:29:45 [trace] [system.db.ar.CActiveRecord] lazy loading RetailLists.user
in /home/marin/excelling/application/protected/views/files/retail.php (46)
in /home/marin/excelling/application/protected/controllers/FilesController.php (246)
in /home/marin/excelling/application/index.php (13)
2012/12/19 07:29:45 [trace] [system.db.CDbCommand] Querying SQL: SHOW COLUMNS FROM `users`
in /home/marin/excelling/application/protected/views/files/retail.php (46)
in /home/marin/excelling/application/protected/controllers/FilesController.php (246)
in /home/marin/excelling/application/index.php (13)
2012/12/19 07:29:45 [trace] [system.db.CDbCommand] Querying SQL: SHOW CREATE TABLE `users`
in /home/marin/excelling/application/protected/views/files/retail.php (46)
in /home/marin/excelling/application/protected/controllers/FilesController.php (246)
in /home/marin/excelling/application/index.php (13)
2012/12/19 07:29:45 [trace] [system.db.CDbCommand] Querying SQL: SELECT `user`.`id` AS `t1_c0`, `user`.`email` AS `t1_c1`, `user`.`firstName` AS `t1_c2`, `user`.`lastName` AS `t1_c3`, `user`.`password` AS `t1_c4`, `user`.`salt` AS `t1_c5` FROM `users` `user`  WHERE (`user`.`id`=:ypl0)
in /home/marin/excelling/application/protected/views/files/retail.php (46)
in /home/marin/excelling/application/protected/controllers/FilesController.php (246)
in /home/marin/excelling/application/index.php (13)
2012/12/19 07:29:45 [trace] [system.CModule] Loading "widgetFactory" application component
in /home/marin/excelling/application/protected/views/layouts/column1.php (2)
in /home/marin/excelling/application/protected/controllers/FilesController.php (246)
in /home/marin/excelling/application/index.php (13)
2012/12/19 07:29:45 [trace] [system.CModule] Loading "clientScript" application component
in /home/marin/excelling/application/protected/controllers/FilesController.php (246)
in /home/marin/excelling/application/index.php (13)
